
2018-05-21 03:09:30...installerHook: Info: custom/install/install_hooks.php not present, no custom hooks to execute
2018-05-21 03:10:29...installerHook: Info: custom/install/install_hooks.php not present, no custom hooks to execute
2018-05-21 03:10:33...Begin System Check Process *************
2018-05-21 03:10:33...XML Parsing Support Found
2018-05-21 03:10:33...MBString Support Found
2018-05-21 03:10:33...ZIP Support Found
2018-05-21 03:10:33.../custom directory and subdirectory check passed
2018-05-21 03:10:34...cache directory and subdirectory check passed
2018-05-21 03:10:37.../module  directory and subdirectory check passed
2018-05-21 03:10:37.../upload directory check passed
2018-05-21 03:10:37.../zip check passed
2018-05-21 03:10:37...PCRE version check passed
2018-05-21 03:10:37...installerHook: Info: custom/install/install_hooks.php not present, no custom hooks to execute
2018-05-21 03:10:37...php.ini location found. G:\xampp\php\php.ini
2018-05-21 03:10:37...Outputting HTML for System check
2018-05-21 03:10:37...No Errors were found *************
2018-05-21 03:10:38...installerHook: Info: custom/install/install_hooks.php not present, no custom hooks to execute
2018-05-21 03:11:21...installerHook: Info: custom/install/install_hooks.php not present, no custom hooks to execute
2018-05-21 03:12:11...Begin DB Check Process *************
2018-05-21 03:12:11...testing with mysql:mysqli
2018-05-21 03:12:11...Basic form info is valid, continuing Process.
2018-05-21 03:12:11...Testing user account...
2018-05-21 03:12:12...ERROR::  The provided database host, username, and/or password is invalid, and a connection to the database could not be established. Please enter a valid host, username and password
2018-05-21 03:12:12...FATAL:: errors have been detected!  User will not be allowed to continue.  Errors are as follow:
2018-05-21 03:12:12..... The provided database host, username, and/or password is invalid, and a connection to the database could not be established. Please enter a valid host, username and password
2018-05-21 03:12:12...End DB Check Process *************
2018-05-21 03:14:03...Begin DB Check Process *************
2018-05-21 03:14:03...testing with mysql:mysqli
2018-05-21 03:14:03...Basic form info is valid, continuing Process.
2018-05-21 03:14:03...Testing user account...
2018-05-21 03:14:03...Connection made using  host: localhost, usr: merakiprod01
2018-05-21 03:14:03...SUCCESS:: no errors detected!
2018-05-21 03:14:03...End DB Check Process *************
2018-05-21 03:14:04...installerHook: Info: custom/install/install_hooks.php not present, no custom hooks to execute
2018-05-21 03:14:04...calling handleSugarConfig()
2018-05-21 03:14:04...calling handleHtaccess()
2018-05-21 03:14:04...calling handleDbCreateDatabase()
2018-05-21 03:14:05...looping through all the Beans and create their tables
2018-05-21 03:14:05...processing table acl_actions
2018-05-21 03:14:06...creating table acl_actions
2018-05-21 03:14:06...creating Relationship Meta for ACLAction
2018-05-21 03:14:06...processing table acl_roles
2018-05-21 03:14:06...creating table acl_roles
2018-05-21 03:14:06...creating Relationship Meta for ACLRole
2018-05-21 03:14:06...processing table relationships
2018-05-21 03:14:06...creating table relationships
2018-05-21 03:14:06...creating Relationship Meta for Relationship
2018-05-21 03:14:07...processing table leads
2018-05-21 03:14:08...creating table leads
2018-05-21 03:14:08...creating Relationship Meta for Lead
2018-05-21 03:14:09...processing table cases
2018-05-21 03:14:09...creating table cases
2018-05-21 03:14:09...creating Relationship Meta for Case
2018-05-21 03:14:10...processing table bugs
2018-05-21 03:14:11...creating table bugs
2018-05-21 03:14:11...creating Relationship Meta for Bug
2018-05-21 03:14:11...processing table users
2018-05-21 03:14:12...creating table users
2018-05-21 03:14:12...creating Relationship Meta for User
2018-05-21 03:14:12...processing table campaign_log
2018-05-21 03:14:12...creating table campaign_log
2018-05-21 03:14:12...creating Relationship Meta for CampaignLog
2018-05-21 03:14:12...processing table project
2018-05-21 03:14:13...creating table project
2018-05-21 03:14:13...creating Relationship Meta for Project
2018-05-21 03:14:13...processing table project_task
2018-05-21 03:14:14...creating table project_task
2018-05-21 03:14:14...creating Relationship Meta for ProjectTask
2018-05-21 03:14:14...processing table campaigns
2018-05-21 03:14:15...creating table campaigns
2018-05-21 03:14:15...creating Relationship Meta for Campaign
2018-05-21 03:14:15...processing table prospect_lists
2018-05-21 03:14:16...creating table prospect_lists
2018-05-21 03:14:16...creating Relationship Meta for ProspectList
2018-05-21 03:14:16...processing table prospects
2018-05-21 03:14:17...creating table prospects
2018-05-21 03:14:17...creating Relationship Meta for Prospect
2018-05-21 03:14:18...processing table email_marketing
2018-05-21 03:14:18...creating table email_marketing
2018-05-21 03:14:18...creating Relationship Meta for EmailMarketing
2018-05-21 03:14:18...processing table campaign_trkrs
2018-05-21 03:14:19...creating table campaign_trkrs
2018-05-21 03:14:19...creating Relationship Meta for CampaignTracker
2018-05-21 03:14:19...processing table releases
2018-05-21 03:14:19...creating table releases
2018-05-21 03:14:19...creating Relationship Meta for Release
2018-05-21 03:14:19...processing table emailman
2018-05-21 03:14:19...creating table emailman
2018-05-21 03:14:19...creating Relationship Meta for EmailMan
2018-05-21 03:14:19...processing table schedulers
2018-05-21 03:14:19...creating table schedulers
2018-05-21 03:14:19...creating Relationship Meta for Scheduler
2018-05-21 03:14:19...processing table job_queue
2018-05-21 03:14:20...creating table job_queue
2018-05-21 03:14:20...creating Relationship Meta for SchedulersJob
2018-05-21 03:14:20...processing table contacts
2018-05-21 03:14:21...creating table contacts
2018-05-21 03:14:21...creating Relationship Meta for Contact
2018-05-21 03:14:22...processing table accounts
2018-05-21 03:14:22...creating table accounts
2018-05-21 03:14:22...creating Relationship Meta for Account
2018-05-21 03:14:23...processing table opportunities
2018-05-21 03:14:24...creating table opportunities
2018-05-21 03:14:24...creating Relationship Meta for Opportunity
2018-05-21 03:14:24...processing table email_templates
2018-05-21 03:14:25...creating table email_templates
2018-05-21 03:14:25...creating Relationship Meta for EmailTemplate
2018-05-21 03:14:25...processing table notes
2018-05-21 03:14:26...creating table notes
2018-05-21 03:14:26...creating Relationship Meta for Note
2018-05-21 03:14:26...processing table calls
2018-05-21 03:14:27...creating table calls
2018-05-21 03:14:27...creating Relationship Meta for Call
2018-05-21 03:14:27...processing table emails
2018-05-21 03:14:28...creating table emails
2018-05-21 03:14:28...creating Relationship Meta for Email
2018-05-21 03:14:28...processing table meetings
2018-05-21 03:14:29...creating table meetings
2018-05-21 03:14:29...creating Relationship Meta for Meeting
2018-05-21 03:14:29...processing table tasks
2018-05-21 03:14:29...creating table tasks
2018-05-21 03:14:29...creating Relationship Meta for Task
2018-05-21 03:14:29...processing table users
2018-05-21 03:14:29...processing table users
2018-05-21 03:14:29...processing table currencies
2018-05-21 03:14:30...creating table currencies
2018-05-21 03:14:30...creating Relationship Meta for Currency
2018-05-21 03:14:30...processing table tracker
2018-05-21 03:14:30...creating table tracker
2018-05-21 03:14:30...creating Relationship Meta for Tracker
2018-05-21 03:14:30...processing table import_maps
2018-05-21 03:14:30...creating table import_maps
2018-05-21 03:14:30...creating Relationship Meta for ImportMap
2018-05-21 03:14:30...processing table users_last_import
2018-05-21 03:14:31...creating table users_last_import
2018-05-21 03:14:31...creating Relationship Meta for UsersLastImport
2018-05-21 03:14:31...processing table config
2018-05-21 03:14:31...creating table config
2018-05-21 03:14:31...creating Relationship Meta for Administration
2018-05-21 03:14:31...processing table upgrade_history
2018-05-21 03:14:32...creating table upgrade_history
2018-05-21 03:14:32...creating Relationship Meta for UpgradeHistory
2018-05-21 03:14:32...processing table vcals
2018-05-21 03:14:32...creating table vcals
2018-05-21 03:14:32...creating Relationship Meta for vCal
2018-05-21 03:14:32...processing table alerts
2018-05-21 03:14:32...creating table alerts
2018-05-21 03:14:32...creating Relationship Meta for Alert
2018-05-21 03:14:33...processing table roles
2018-05-21 03:14:33...creating table roles
2018-05-21 03:14:33...creating Relationship Meta for Role
2018-05-21 03:14:33...processing table documents
2018-05-21 03:14:34...creating table documents
2018-05-21 03:14:34...creating Relationship Meta for Document
2018-05-21 03:14:34...processing table document_revisions
2018-05-21 03:14:34...creating table document_revisions
2018-05-21 03:14:34...creating Relationship Meta for DocumentRevision
2018-05-21 03:14:34...processing table fields_meta_data
2018-05-21 03:14:35...creating table fields_meta_data
2018-05-21 03:14:35...creating Relationship Meta for FieldsMetaData
2018-05-21 03:14:35...processing table inbound_email
2018-05-21 03:14:35...creating table inbound_email
2018-05-21 03:14:35...creating Relationship Meta for InboundEmail
2018-05-21 03:14:36...processing table saved_search
2018-05-21 03:14:36...creating table saved_search
2018-05-21 03:14:36...creating Relationship Meta for SavedSearch
2018-05-21 03:14:36...processing table user_preferences
2018-05-21 03:14:36...creating table user_preferences
2018-05-21 03:14:36...creating Relationship Meta for UserPreference
2018-05-21 03:14:36...processing table 
2018-05-21 03:14:36...processing table email_addresses
2018-05-21 03:14:37...creating table email_addresses
2018-05-21 03:14:37...creating Relationship Meta for EmailAddress
2018-05-21 03:14:37...processing table emails_text
2018-05-21 03:14:37...creating table emails_text
2018-05-21 03:14:37...creating Relationship Meta for EmailText
2018-05-21 03:14:37...processing table spots
2018-05-21 03:14:37...creating table spots
2018-05-21 03:14:37...creating Relationship Meta for Spots
2018-05-21 03:14:38...processing table aobh_businesshours
2018-05-21 03:14:38...creating table aobh_businesshours
2018-05-21 03:14:38...creating Relationship Meta for AOBH_BusinessHours
2018-05-21 03:14:38...processing table sugarfeed
2018-05-21 03:14:38...creating table sugarfeed
2018-05-21 03:14:38...creating Relationship Meta for SugarFeed
2018-05-21 03:14:38...processing table eapm
2018-05-21 03:14:39...creating table eapm
2018-05-21 03:14:39...creating Relationship Meta for EAPM
2018-05-21 03:14:39...processing table oauth_consumer
2018-05-21 03:14:39...creating table oauth_consumer
2018-05-21 03:14:39...creating Relationship Meta for OAuthKey
2018-05-21 03:14:40...processing table oauth_tokens
2018-05-21 03:14:41...creating table oauth_tokens
2018-05-21 03:14:41...creating Relationship Meta for OAuthToken
2018-05-21 03:14:42...processing table am_projecttemplates
2018-05-21 03:14:43...creating table am_projecttemplates
2018-05-21 03:14:43...creating Relationship Meta for AM_ProjectTemplates
2018-05-21 03:14:43...processing table am_tasktemplates
2018-05-21 03:14:44...creating table am_tasktemplates
2018-05-21 03:14:44...creating Relationship Meta for AM_TaskTemplates
2018-05-21 03:14:45...processing table favorites
2018-05-21 03:14:45...creating table favorites
2018-05-21 03:14:45...creating Relationship Meta for Favorites
2018-05-21 03:14:45...processing table aok_knowledge_base_categories
2018-05-21 03:14:46...creating table aok_knowledge_base_categories
2018-05-21 03:14:46...creating Relationship Meta for AOK_Knowledge_Base_Categories
2018-05-21 03:14:46...processing table aok_knowledgebase
2018-05-21 03:14:47...creating table aok_knowledgebase
2018-05-21 03:14:47...creating Relationship Meta for AOK_KnowledgeBase
2018-05-21 03:14:47...processing table reminders
2018-05-21 03:14:48...creating table reminders
2018-05-21 03:14:48...creating Relationship Meta for Reminder
2018-05-21 03:14:48...processing table reminders_invitees
2018-05-21 03:14:49...creating table reminders_invitees
2018-05-21 03:14:49...creating Relationship Meta for Reminder_Invitee
2018-05-21 03:14:49...processing table fp_events
2018-05-21 03:14:51...creating table fp_events
2018-05-21 03:14:51...creating Relationship Meta for FP_events
2018-05-21 03:14:52...processing table fp_event_locations
2018-05-21 03:14:54...creating table fp_event_locations
2018-05-21 03:14:54...creating Relationship Meta for FP_Event_Locations
2018-05-21 03:14:54...processing table aod_indexevent
2018-05-21 03:14:55...creating table aod_indexevent
2018-05-21 03:14:55...creating Relationship Meta for AOD_IndexEvent
2018-05-21 03:14:55...processing table aod_index
2018-05-21 03:14:57...creating table aod_index
2018-05-21 03:14:57...creating Relationship Meta for AOD_Index
2018-05-21 03:14:57...processing table aop_case_events
2018-05-21 03:14:58...creating table aop_case_events
2018-05-21 03:14:58...creating Relationship Meta for AOP_Case_Events
2018-05-21 03:14:58...processing table aop_case_updates
2018-05-21 03:14:59...creating table aop_case_updates
2018-05-21 03:14:59...creating Relationship Meta for AOP_Case_Updates
2018-05-21 03:15:00...processing table aor_reports
2018-05-21 03:15:01...creating table aor_reports
2018-05-21 03:15:01...creating Relationship Meta for AOR_Report
2018-05-21 03:15:01...processing table aor_fields
2018-05-21 03:15:01...creating table aor_fields
2018-05-21 03:15:01...creating Relationship Meta for AOR_Field
2018-05-21 03:15:02...processing table aor_charts
2018-05-21 03:15:02...creating table aor_charts
2018-05-21 03:15:02...creating Relationship Meta for AOR_Chart
2018-05-21 03:15:02...processing table aor_conditions
2018-05-21 03:15:02...creating table aor_conditions
2018-05-21 03:15:02...creating Relationship Meta for AOR_Condition
2018-05-21 03:15:02...processing table aor_scheduled_reports
2018-05-21 03:15:03...creating table aor_scheduled_reports
2018-05-21 03:15:03...creating Relationship Meta for AOR_Scheduled_Reports
2018-05-21 03:15:04...processing table aos_contracts
2018-05-21 03:15:04...creating table aos_contracts
2018-05-21 03:15:04...creating Relationship Meta for AOS_Contracts
2018-05-21 03:15:05...processing table aos_invoices
2018-05-21 03:15:05...creating table aos_invoices
2018-05-21 03:15:05...creating Relationship Meta for AOS_Invoices
2018-05-21 03:15:06...processing table aos_pdf_templates
2018-05-21 03:15:07...creating table aos_pdf_templates
2018-05-21 03:15:07...creating Relationship Meta for AOS_PDF_Templates
2018-05-21 03:15:07...processing table aos_product_categories
2018-05-21 03:15:09...creating table aos_product_categories
2018-05-21 03:15:09...creating Relationship Meta for AOS_Product_Categories
2018-05-21 03:15:09...processing table aos_products
2018-05-21 03:15:10...creating table aos_products
2018-05-21 03:15:10...creating Relationship Meta for AOS_Products
2018-05-21 03:15:10...processing table aos_products_quotes
2018-05-21 03:15:10...creating table aos_products_quotes
2018-05-21 03:15:10...creating Relationship Meta for AOS_Products_Quotes
2018-05-21 03:15:11...processing table aos_line_item_groups
2018-05-21 03:15:11...creating table aos_line_item_groups
2018-05-21 03:15:11...creating Relationship Meta for AOS_Line_Item_Groups
2018-05-21 03:15:11...processing table aos_quotes
2018-05-21 03:15:13...creating table aos_quotes
2018-05-21 03:15:13...creating Relationship Meta for AOS_Quotes
2018-05-21 03:15:13...processing table aow_actions
2018-05-21 03:15:13...creating table aow_actions
2018-05-21 03:15:13...creating Relationship Meta for AOW_Action
2018-05-21 03:15:13...processing table aow_workflow
2018-05-21 03:15:14...creating table aow_workflow
2018-05-21 03:15:14...creating Relationship Meta for AOW_WorkFlow
2018-05-21 03:15:14...processing table aow_processed
2018-05-21 03:15:14...creating table aow_processed
2018-05-21 03:15:14...creating Relationship Meta for AOW_Processed
2018-05-21 03:15:14...processing table aow_conditions
2018-05-21 03:15:15...creating table aow_conditions
2018-05-21 03:15:15...creating Relationship Meta for AOW_Condition
2018-05-21 03:15:15...processing table jjwg_maps
2018-05-21 03:15:16...creating table jjwg_maps
2018-05-21 03:15:16...creating Relationship Meta for jjwg_Maps
2018-05-21 03:15:17...processing table jjwg_markers
2018-05-21 03:15:18...creating table jjwg_markers
2018-05-21 03:15:18...creating Relationship Meta for jjwg_Markers
2018-05-21 03:15:18...processing table jjwg_areas
2018-05-21 03:15:19...creating table jjwg_areas
2018-05-21 03:15:19...creating Relationship Meta for jjwg_Areas
2018-05-21 03:15:19...processing table jjwg_address_cache
2018-05-21 03:15:20...creating table jjwg_address_cache
2018-05-21 03:15:20...creating Relationship Meta for jjwg_Address_Cache
2018-05-21 03:15:20...processing table calls_reschedule
2018-05-21 03:15:21...creating table calls_reschedule
2018-05-21 03:15:21...creating Relationship Meta for Calls_Reschedule
2018-05-21 03:15:21...processing table securitygroups
2018-05-21 03:15:22...creating table securitygroups
2018-05-21 03:15:22...creating Relationship Meta for SecurityGroup
2018-05-21 03:15:22...processing table outbound_email
2018-05-21 03:15:23...creating table outbound_email
2018-05-21 03:15:23...creating Relationship Meta for OutboundEmailAccounts
2018-05-21 03:15:23...processing table templatesectionline
2018-05-21 03:15:25...creating table templatesectionline
2018-05-21 03:15:25...creating Relationship Meta for TemplateSectionLine
2018-05-21 03:15:25...processing table oauth2tokens
2018-05-21 03:15:25...creating table oauth2tokens
2018-05-21 03:15:25...creating Relationship Meta for OAuth2Tokens
2018-05-21 03:15:25...processing table oauth2clients
2018-05-21 03:15:26...creating table oauth2clients
2018-05-21 03:15:26...creating Relationship Meta for OAuth2Clients
2018-05-21 03:15:26...processing table surveyresponses
2018-05-21 03:15:27...creating table surveyresponses
2018-05-21 03:15:27...creating Relationship Meta for SurveyResponses
2018-05-21 03:15:27...processing table surveys
2018-05-21 03:15:28...creating table surveys
2018-05-21 03:15:28...creating Relationship Meta for Surveys
2018-05-21 03:15:28...processing table surveyquestionresponses
2018-05-21 03:15:29...creating table surveyquestionresponses
2018-05-21 03:15:29...creating Relationship Meta for SurveyQuestionResponses
2018-05-21 03:15:29...processing table surveyquestions
2018-05-21 03:15:30...creating table surveyquestions
2018-05-21 03:15:30...creating Relationship Meta for SurveyQuestions
2018-05-21 03:15:31...processing table surveyquestionoptions
2018-05-21 03:15:34...creating table surveyquestionoptions
2018-05-21 03:15:34...creating Relationship Meta for SurveyQuestionOptions
2018-05-21 03:16:14...Begin creating Defaults
2018-05-21 03:16:14...insert defaults into config table
2018-05-21 03:16:14...Creating default users
2018-05-21 03:16:14...Creating default scheduler jobs
2018-05-21 03:16:15...Enable SugarFeeds
2018-05-21 03:16:16...Installation has completed *********
2018-05-21 03:16:57...populating the db with seed data
2018-05-21 03:16:57...Save configuration settings..
2018-05-21 03:16:57...save locale
2018-05-21 03:16:57...new Administration
2018-05-21 03:16:57...retrieveSettings
2018-05-21 03:16:57...AdminWizard OFF
2018-05-21 03:16:57...saveConfig
2018-05-21 03:16:57...new Configurator
2018-05-21 03:16:57...populateFromPost
2018-05-21 03:16:57...handleOverride
2018-05-21 03:16:57...addCronAllowedUser
2018-05-21 03:16:58...saveConfig
2018-05-21 03:16:58...new Currency
2018-05-21 03:16:58...retrieve
2018-05-21 03:16:58...DBG: save currency
2018-05-21 03:16:58...Save user settings..
2018-05-21 03:16:58...DBG: SugarThemeRegistry::getDefault
2018-05-21 03:16:58...DBG: require modules/Users/Save.php